[2023-05-29 12:34:23.112] [INFO ] [main] com.springboot.api.ApiApplication Starting ApiApplication using Java 11.0.18 on 연구원 with PID 5408 (C:\Users\MChoi Research Chief\Desktop\restapitest\target\classes started by MChoi Research Chief in C:\Users\MChoi Research Chief\Desktop\restapitest)
[2023-05-29 12:34:23.155] [INFO ] [main] com.springboot.api.ApiApplication No active profile set, falling back to default profiles: default
[2023-05-29 12:34:27.391] [INFO ] [main] org.springframework.boot.web.embedded.tomcat.TomcatWebServer Tomcat initialized with port(s): 9090 (http)
[2023-05-29 12:34:27.422] [INFO ] [main] org.apache.coyote.http11.Http11NioProtocol Initializing ProtocolHandler ["http-nio-9090"]
[2023-05-29 12:34:27.422] [INFO ] [main] org.apache.catalina.core.StandardService Starting service [Tomcat]
[2023-05-29 12:34:27.422] [INFO ] [main] org.apache.catalina.core.StandardEngine Starting Servlet engine: [Apache Tomcat/9.0.54]
[2023-05-29 12:34:27.656] [INFO ] [main] org.apache.catalina.core.ContainerBase.[Tomcat].[localhost].[/] Initializing Spring embedded WebApplicationContext
[2023-05-29 12:34:27.656] [INFO ] [main] org.springframework.boot.web.servlet.context.ServletWebServerApplicationContext Root WebApplicationContext: initialization completed in 4375 ms
[2023-05-29 12:34:28.616] [INFO ] [main] springfox.documentation.spring.web.PropertySourcedRequestMappingHandlerMapping Mapped URL path [/v2/api-docs] onto method [springfox.documentation.swagger2.web.Swagger2Controller#getDocumentation(String, HttpServletRequest)]
[2023-05-29 12:34:29.037] [INFO ] [main] org.apache.coyote.http11.Http11NioProtocol Starting ProtocolHandler ["http-nio-9090"]
[2023-05-29 12:34:29.084] [INFO ] [main] org.springframework.boot.web.embedded.tomcat.TomcatWebServer Tomcat started on port(s): 9090 (http) with context path ''
[2023-05-29 12:34:29.084] [INFO ] [main] springfox.documentation.spring.web.plugins.DocumentationPluginsBootstrapper Context refreshed
[2023-05-29 12:34:29.130] [INFO ] [main] springfox.documentation.spring.web.plugins.DocumentationPluginsBootstrapper Found 1 custom documentation plugin(s)
[2023-05-29 12:34:29.193] [INFO ] [main] springfox.documentation.spring.web.scanners.ApiListingReferenceScanner Scanning for api listing references
[2023-05-29 12:34:29.490] [INFO ] [main] com.springboot.api.ApiApplication Started ApiApplication in 7.671 seconds (JVM running for 9.032)
[2023-05-29 12:52:35.399] [INFO ] [main] com.springboot.api.ApiApplication Starting ApiApplication using Java 11.0.18 on 연구원 with PID 18208 (C:\Users\MChoi Research Chief\Desktop\restapitest\target\classes started by MChoi Research Chief in C:\Users\MChoi Research Chief\Desktop\restapitest)
[2023-05-29 12:52:35.404] [INFO ] [main] com.springboot.api.ApiApplication No active profile set, falling back to default profiles: default
[2023-05-29 12:52:37.376] [INFO ] [main] org.springframework.boot.web.embedded.tomcat.TomcatWebServer Tomcat initialized with port(s): 9090 (http)
[2023-05-29 12:52:37.387] [INFO ] [main] org.apache.coyote.http11.Http11NioProtocol Initializing ProtocolHandler ["http-nio-9090"]
[2023-05-29 12:52:37.387] [INFO ] [main] org.apache.catalina.core.StandardService Starting service [Tomcat]
[2023-05-29 12:52:37.387] [INFO ] [main] org.apache.catalina.core.StandardEngine Starting Servlet engine: [Apache Tomcat/9.0.54]
[2023-05-29 12:52:37.495] [INFO ] [main] org.apache.catalina.core.ContainerBase.[Tomcat].[localhost].[/] Initializing Spring embedded WebApplicationContext
[2023-05-29 12:52:37.496] [INFO ] [main] org.springframework.boot.web.servlet.context.ServletWebServerApplicationContext Root WebApplicationContext: initialization completed in 2019 ms
[2023-05-29 12:52:38.033] [INFO ] [main] springfox.documentation.spring.web.PropertySourcedRequestMappingHandlerMapping Mapped URL path [/v2/api-docs] onto method [springfox.documentation.swagger2.web.Swagger2Controller#getDocumentation(String, HttpServletRequest)]
[2023-05-29 12:52:38.277] [INFO ] [main] org.apache.coyote.http11.Http11NioProtocol Starting ProtocolHandler ["http-nio-9090"]
[2023-05-29 12:52:38.305] [INFO ] [main] org.springframework.boot.web.embedded.tomcat.TomcatWebServer Tomcat started on port(s): 9090 (http) with context path ''
[2023-05-29 12:52:38.306] [INFO ] [main] springfox.documentation.spring.web.plugins.DocumentationPluginsBootstrapper Context refreshed
[2023-05-29 12:52:38.339] [INFO ] [main] springfox.documentation.spring.web.plugins.DocumentationPluginsBootstrapper Found 1 custom documentation plugin(s)
[2023-05-29 12:52:38.373] [INFO ] [main] springfox.documentation.spring.web.scanners.ApiListingReferenceScanner Scanning for api listing references
[2023-05-29 12:52:38.539] [INFO ] [main] com.springboot.api.ApiApplication Started ApiApplication in 3.86 seconds (JVM running for 4.417)
[2023-05-29 12:52:51.015] [INFO ] [http-nio-9090-exec-1] org.apache.catalina.core.ContainerBase.[Tomcat].[localhost].[/] Initializing Spring DispatcherServlet 'dispatcherServlet'
[2023-05-29 12:52:51.016] [INFO ] [http-nio-9090-exec-1] org.springframework.web.servlet.DispatcherServlet Initializing Servlet 'dispatcherServlet'
[2023-05-29 12:52:51.017] [INFO ] [http-nio-9090-exec-1] org.springframework.web.servlet.DispatcherServlet Completed initialization in 1 ms
